This file contains any messages produced by compilers while
running configure, to aid debugging if configure makes a mistake.

It was created by sysstat configure 10.0.0, which was
generated by GNU Autoconf 2.63.  Invocation command line was

  $ /home/jwang/sourcecode/Perforce/workspace/jxwang_linux-fc8/dev/ruby/soc/branches/main4_adm/buildroot/package/sysstat/sysstat-10.0.0/configure --target=arc-linux-uclibc --host=arc-linux-uclibc --build=i386-pc-linux-gnu --prefix=/home/jwang/sourcecode/Perforce/workspace/jxwang_linux-fc8/dev/ruby/soc/branches/main4_adm/buildroot/build_arc/root --exec-prefix=/home/jwang/sourcecode/Perforce/workspace/jxwang_linux-fc8/dev/ruby/soc/branches/main4_adm/buildroot/build_arc/root --disable-nls --disable-documentation

## --------- ##
## Platform. ##
## --------- ##

hostname = linux-fc8
uname -m = i686
uname -r = 2.6.23.1-42.fc8
uname -s = Linux
uname -v = #1 SMP Tue Oct 30 13:55:12 EDT 2007

/usr/bin/uname -p = unknown
/bin/uname -X     = unknown

/bin/arch              = i686
/usr/bin/arch -k       = unknown
/usr/convex/getsysinfo = unknown
/usr/bin/hostinfo      = unknown
/bin/machine           = unknown
/usr/bin/oslevel       = unknown
/bin/universe          = unknown

PATH: /usr/lib/qt-3.3/bin
PATH: /usr/kerberos/sbin
PATH: /usr/kerberos/bin
PATH: /usr/lib/ccache
PATH: /usr/local/sbin
PATH: /usr/local/bin
PATH: /sbin
PATH: /bin
PATH: /usr/sbin
PATH: /usr/bin
PATH: /root/bin


## ----------- ##
## Core tests. ##
## ----------- ##

configure:1893: checking for arc-linux-uclibc-gcc
configure:1923: result: no
configure:1933: checking for gcc
configure:1949: found /usr/lib/ccache/gcc
configure:1960: result: gcc
configure:1972: WARNING: using cross tools not prefixed with host triplet
configure:2192: checking for C compiler version
configure:2200: gcc --version >&5
gcc (GCC) 4.1.2 20070925 (Red Hat 4.1.2-33)
Copyright (C) 2006 Free Software Foundation, Inc.
This is free software; see the source for copying conditions.  There is NO
warranty; not even for MERCHANTABILITY or FITNESS FOR A PARTICULAR PURPOSE.

configure:2204: $? = 0
configure:2211: gcc -v >&5
Using built-in specs.
Target: i386-redhat-linux
Configured with: ../configure --prefix=/usr --mandir=/usr/share/man --infodir=/usr/share/info --enable-shared --enable-threads=posix --enable-checking=release --with-system-zlib --enable-__cxa_atexit --disable-libunwind-exceptions --enable-languages=c,c++,objc,obj-c++,java,fortran,ada --enable-java-awt=gtk --disable-dssi --enable-plugin --with-java-home=/usr/lib/jvm/java-1.5.0-gcj-1.5.0.0/jre --enable-libgcj-multifile --enable-java-maintainer-mode --with-ecj-jar=/usr/share/java/eclipse-ecj.jar --with-cpu=generic --host=i386-redhat-linux
Thread model: posix
gcc version 4.1.2 20070925 (Red Hat 4.1.2-33)
configure:2215: $? = 0
configure:2222: gcc -V >&5
gcc: '-V' option must have argument
configure:2226: $? = 1
configure:2249: checking for C compiler default output file name
configure:2271: gcc    conftest.c  >&5
configure:2275: $? = 0
configure:2313: result: a.out
configure:2332: checking whether the C compiler works
configure:2365: result: yes
configure:2372: checking whether we are cross compiling
configure:2374: result: yes
configure:2377: checking for suffix of executables
configure:2384: gcc -o conftest    conftest.c  >&5
configure:2388: $? = 0
configure:2414: result: 
configure:2420: checking for suffix of object files
configure:2446: gcc -c   conftest.c >&5
configure:2450: $? = 0
configure:2475: result: o
configure:2479: checking whether we are using the GNU C compiler
configure:2508: gcc -c   conftest.c >&5
configure:2515: $? = 0
configure:2532: result: yes
configure:2541: checking whether gcc accepts -g
configure:2571: gcc -c -g  conftest.c >&5
configure:2578: $? = 0
configure:2679: result: yes
configure:2696: checking for gcc option to accept ISO C89
configure:2770: gcc  -c -g -O2  conftest.c >&5
configure:2777: $? = 0
configure:2800: result: none needed
configure:2824: checking how to run the C preprocessor
configure:2864: gcc -E  conftest.c
configure:2871: $? = 0
configure:2902: gcc -E  conftest.c
conftest.c:8:28: error: ac_nonexistent.h: No such file or directory
configure:2909: $? = 1
configure: failed program was:
| /* confdefs.h.  */
| #define PACKAGE_NAME "sysstat"
| #define PACKAGE_TARNAME "sysstat"
| #define PACKAGE_VERSION "10.0.0"
| #define PACKAGE_STRING "sysstat 10.0.0"
| #define PACKAGE_BUGREPORT ""
| /* end confdefs.h.  */
| #include <ac_nonexistent.h>
configure:2942: result: gcc -E
configure:2971: gcc -E  conftest.c
configure:2978: $? = 0
configure:3009: gcc -E  conftest.c
conftest.c:8:28: error: ac_nonexistent.h: No such file or directory
configure:3016: $? = 1
configure: failed program was:
| /* confdefs.h.  */
| #define PACKAGE_NAME "sysstat"
| #define PACKAGE_TARNAME "sysstat"
| #define PACKAGE_VERSION "10.0.0"
| #define PACKAGE_STRING "sysstat 10.0.0"
| #define PACKAGE_BUGREPORT ""
| /* end confdefs.h.  */
| #include <ac_nonexistent.h>
configure:3056: checking for grep that handles long lines and -e
configure:3116: result: /bin/grep
configure:3121: checking for egrep
configure:3185: result: /bin/grep -E
configure:3190: checking for ANSI C header files
configure:3220: gcc -c -g -O2  conftest.c >&5
configure:3227: $? = 0
configure:3358: result: yes
configure:3382: checking for sys/types.h
configure:3403: gcc -c -g -O2  conftest.c >&5
configure:3410: $? = 0
configure:3427: result: yes
configure:3382: checking for sys/stat.h
configure:3403: gcc -c -g -O2  conftest.c >&5
configure:3410: $? = 0
configure:3427: result: yes
configure:3382: checking for stdlib.h
configure:3403: gcc -c -g -O2  conftest.c >&5
configure:3410: $? = 0
configure:3427: result: yes
configure:3382: checking for string.h
configure:3403: gcc -c -g -O2  conftest.c >&5
configure:3410: $? = 0
configure:3427: result: yes
configure:3382: checking for memory.h
configure:3403: gcc -c -g -O2  conftest.c >&5
configure:3410: $? = 0
configure:3427: result: yes
configure:3382: checking for strings.h
configure:3403: gcc -c -g -O2  conftest.c >&5
configure:3410: $? = 0
configure:3427: result: yes
configure:3382: checking for inttypes.h
configure:3403: gcc -c -g -O2  conftest.c >&5
configure:3410: $? = 0
configure:3427: result: yes
configure:3382: checking for stdint.h
configure:3403: gcc -c -g -O2  conftest.c >&5
configure:3410: $? = 0
configure:3427: result: yes
configure:3382: checking for unistd.h
configure:3403: gcc -c -g -O2  conftest.c >&5
configure:3410: $? = 0
configure:3427: result: yes
configure:3452: checking minix/config.h usability
configure:3469: gcc -c -g -O2  conftest.c >&5
conftest.c:51:26: error: minix/config.h: No such file or directory
configure:3476: $? = 1
configure: failed program was:
| /* confdefs.h.  */
| #define PACKAGE_NAME "sysstat"
| #define PACKAGE_TARNAME "sysstat"
| #define PACKAGE_VERSION "10.0.0"
| #define PACKAGE_STRING "sysstat 10.0.0"
| #define PACKAGE_BUGREPORT ""
| #define STDC_HEADERS 1
| #define HAVE_SYS_TYPES_H 1
| #define HAVE_SYS_STAT_H 1
| #define HAVE_STDLIB_H 1
| #define HAVE_STRING_H 1
| #define HAVE_MEMORY_H 1
| #define HAVE_STRINGS_H 1
| #define HAVE_INTTYPES_H 1
| #define HAVE_STDINT_H 1
| #define HAVE_UNISTD_H 1
| /* end confdefs.h.  */
| #include <stdio.h>
| #ifdef HAVE_SYS_TYPES_H
| # include <sys/types.h>
| #endif
| #ifdef HAVE_SYS_STAT_H
| # include <sys/stat.h>
| #endif
| #ifdef STDC_HEADERS
| # include <stdlib.h>
| # include <stddef.h>
| #else
| # ifdef HAVE_STDLIB_H
| #  include <stdlib.h>
| # endif
| #endif
| #ifdef HAVE_STRING_H
| # if !defined STDC_HEADERS && defined HAVE_MEMORY_H
| #  include <memory.h>
| # endif
| # include <string.h>
| #endif
| #ifdef HAVE_STRINGS_H
| # include <strings.h>
| #endif
| #ifdef HAVE_INTTYPES_H
| # include <inttypes.h>
| #endif
| #ifdef HAVE_STDINT_H
| # include <stdint.h>
| #endif
| #ifdef HAVE_UNISTD_H
| # include <unistd.h>
| #endif
| #include <minix/config.h>
configure:3490: result: no
configure:3494: checking minix/config.h presence
configure:3509: gcc -E  conftest.c
conftest.c:18:26: error: minix/config.h: No such file or directory
configure:3516: $? = 1
configure: failed program was:
| /* confdefs.h.  */
| #define PACKAGE_NAME "sysstat"
| #define PACKAGE_TARNAME "sysstat"
| #define PACKAGE_VERSION "10.0.0"
| #define PACKAGE_STRING "sysstat 10.0.0"
| #define PACKAGE_BUGREPORT ""
| #define STDC_HEADERS 1
| #define HAVE_SYS_TYPES_H 1
| #define HAVE_SYS_STAT_H 1
| #define HAVE_STDLIB_H 1
| #define HAVE_STRING_H 1
| #define HAVE_MEMORY_H 1
| #define HAVE_STRINGS_H 1
| #define HAVE_INTTYPES_H 1
| #define HAVE_STDINT_H 1
| #define HAVE_UNISTD_H 1
| /* end confdefs.h.  */
| #include <minix/config.h>
configure:3530: result: no
configure:3558: checking for minix/config.h
configure:3565: result: no
configure:3596: checking whether it is safe to define __EXTENSIONS__
configure:3624: gcc -c -g -O2  conftest.c >&5
configure:3631: $? = 0
configure:3646: result: yes
configure:3670: checking whether ln -s works
configure:3674: result: yes
configure:3686: checking for chmod
configure:3702: found /bin/chmod
configure:3713: result: chmod
configure:3723: checking for chown
configure:3739: found /bin/chown
configure:3750: result: chown
configure:3760: checking for ar
configure:3776: found /usr/bin/ar
configure:3787: result: ar
configure:3797: checking for install
configure:3813: found /usr/bin/install
configure:3824: result: install
configure:3834: checking for msgfmt
configure:3850: found /usr/bin/msgfmt
configure:3861: result: msgfmt
configure:3871: checking for xgettext
configure:3887: found /usr/bin/xgettext
configure:3898: result: xgettext
configure:3908: checking for msgmerge
configure:3924: found /usr/bin/msgmerge
configure:3935: result: msgmerge
configure:3947: checking for bzip2
configure:3963: found /usr/bin/bzip2
configure:3974: result: bzip2
configure:3995: checking for cp
configure:4013: found /bin/cp
configure:4025: result: /bin/cp
configure:4041: checking for chkconfig
configure:4059: found /sbin/chkconfig
configure:4071: result: /sbin/chkconfig
configure:4092: checking for ANSI C header files
configure:4260: result: yes
configure:4278: checking for dirent.h that defines DIR
configure:4307: gcc -c -g -O2  conftest.c >&5
configure:4314: $? = 0
configure:4331: result: yes
configure:4346: checking for library containing opendir
configure:4387: gcc -o conftest -g -O2   conftest.c  >&5
configure:4394: $? = 0
configure:4425: result: none required
configure:4539: checking ctype.h usability
configure:4556: gcc -c -g -O2  conftest.c >&5
configure:4563: $? = 0
configure:4577: result: yes
configure:4581: checking ctype.h presence
configure:4596: gcc -E  conftest.c
configure:4603: $? = 0
configure:4617: result: yes
configure:4645: checking for ctype.h
configure:4654: result: yes
configure:4685: checking errno.h usability
configure:4702: gcc -c -g -O2  conftest.c >&5
configure:4709: $? = 0
configure:4723: result: yes
configure:4727: checking errno.h presence
configure:4742: gcc -E  conftest.c
configure:4749: $? = 0
configure:4763: result: yes
configure:4791: checking for errno.h
configure:4800: result: yes
configure:4831: checking libintl.h usability
configure:4848: gcc -c -g -O2  conftest.c >&5
configure:4855: $? = 0
configure:4869: result: yes
configure:4873: checking libintl.h presence
configure:4888: gcc -E  conftest.c
configure:4895: $? = 0
configure:4909: result: yes
configure:4937: checking for libintl.h
configure:4946: result: yes
configure:4977: checking locale.h usability
configure:4994: gcc -c -g -O2  conftest.c >&5
configure:5001: $? = 0
configure:5015: result: yes
configure:5019: checking locale.h presence
configure:5034: gcc -E  conftest.c
configure:5041: $? = 0
configure:5055: result: yes
configure:5083: checking for locale.h
configure:5092: result: yes
configure:5123: checking net/if.h usability
configure:5140: gcc -c -g -O2  conftest.c >&5
configure:5147: $? = 0
configure:5161: result: yes
configure:5165: checking net/if.h presence
configure:5180: gcc -E  conftest.c
configure:5187: $? = 0
configure:5201: result: yes
configure:5229: checking for net/if.h
configure:5238: result: yes
configure:5269: checking regex.h usability
configure:5286: gcc -c -g -O2  conftest.c >&5
configure:5293: $? = 0
configure:5307: result: yes
configure:5311: checking regex.h presence
configure:5326: gcc -E  conftest.c
configure:5333: $? = 0
configure:5347: result: yes
configure:5375: checking for regex.h
configure:5384: result: yes
configure:5415: checking signal.h usability
configure:5432: gcc -c -g -O2  conftest.c >&5
configure:5439: $? = 0
configure:5453: result: yes
configure:5457: checking signal.h presence
configure:5472: gcc -E  conftest.c
configure:5479: $? = 0
configure:5493: result: yes
configure:5521: checking for signal.h
configure:5530: result: yes
configure:5561: checking stdio.h usability
configure:5578: gcc -c -g -O2  conftest.c >&5
configure:5585: $? = 0
configure:5599: result: yes
configure:5603: checking stdio.h presence
configure:5618: gcc -E  conftest.c
configure:5625: $? = 0
configure:5639: result: yes
configure:5667: checking for stdio.h
configure:5676: result: yes
configure:5707: checking sys/file.h usability
configure:5724: gcc -c -g -O2  conftest.c >&5
configure:5731: $? = 0
configure:5745: result: yes
configure:5749: checking sys/file.h presence
configure:5764: gcc -E  conftest.c
configure:5771: $? = 0
configure:5785: result: yes
configure:5813: checking for sys/file.h
configure:5822: result: yes
configure:5853: checking sys/ioctl.h usability
configure:5870: gcc -c -g -O2  conftest.c >&5
configure:5877: $? = 0
configure:5891: result: yes
configure:5895: checking sys/ioctl.h presence
configure:5910: gcc -E  conftest.c
configure:5917: $? = 0
configure:5931: result: yes
configure:5959: checking for sys/ioctl.h
configure:5968: result: yes
configure:5988: checking for sys/stat.h
configure:5995: result: yes
configure:6133: checking return type of signal handlers
configure:6161: gcc -c -g -O2  conftest.c >&5
conftest.c: In function 'main':
conftest.c:42: error: void value not ignored as it ought to be
configure:6168: $? = 1
configure: failed program was:
| /* confdefs.h.  */
| #define PACKAGE_NAME "sysstat"
| #define PACKAGE_TARNAME "sysstat"
| #define PACKAGE_VERSION "10.0.0"
| #define PACKAGE_STRING "sysstat 10.0.0"
| #define PACKAGE_BUGREPORT ""
| #define STDC_HEADERS 1
| #define HAVE_SYS_TYPES_H 1
| #define HAVE_SYS_STAT_H 1
| #define HAVE_STDLIB_H 1
| #define HAVE_STRING_H 1
| #define HAVE_MEMORY_H 1
| #define HAVE_STRINGS_H 1
| #define HAVE_INTTYPES_H 1
| #define HAVE_STDINT_H 1
| #define HAVE_UNISTD_H 1
| #define __EXTENSIONS__ 1
| #define _ALL_SOURCE 1
| #define _GNU_SOURCE 1
| #define _POSIX_PTHREAD_SEMANTICS 1
| #define _TANDEM_SOURCE 1
| #define STDC_HEADERS 1
| #define HAVE_DIRENT_H 1
| #define HAVE_CTYPE_H 1
| #define HAVE_ERRNO_H 1
| #define HAVE_LIBINTL_H 1
| #define HAVE_LOCALE_H 1
| #define HAVE_NET_IF_H 1
| #define HAVE_REGEX_H 1
| #define HAVE_SIGNAL_H 1
| #define HAVE_STDIO_H 1
| #define HAVE_SYS_FILE_H 1
| #define HAVE_SYS_IOCTL_H 1
| #define HAVE_SYS_STAT_H 1
| /* end confdefs.h.  */
| #include <sys/types.h>
| #include <signal.h>
| 
| int
| main ()
| {
| return *(signal (0, 0)) (0) == 1;
|   ;
|   return 0;
| }
configure:6183: result: void
configure:6191: checking for size_t
configure:6219: gcc -c -g -O2  conftest.c >&5
configure:6226: $? = 0
configure:6253: gcc -c -g -O2  conftest.c >&5
conftest.c: In function 'main':
conftest.c:73: error: expected expression before ')' token
configure:6260: $? = 1
configure: failed program was:
| /* confdefs.h.  */
| #define PACKAGE_NAME "sysstat"
| #define PACKAGE_TARNAME "sysstat"
| #define PACKAGE_VERSION "10.0.0"
| #define PACKAGE_STRING "sysstat 10.0.0"
| #define PACKAGE_BUGREPORT ""
| #define STDC_HEADERS 1
| #define HAVE_SYS_TYPES_H 1
| #define HAVE_SYS_STAT_H 1
| #define HAVE_STDLIB_H 1
| #define HAVE_STRING_H 1
| #define HAVE_MEMORY_H 1
| #define HAVE_STRINGS_H 1
| #define HAVE_INTTYPES_H 1
| #define HAVE_STDINT_H 1
| #define HAVE_UNISTD_H 1
| #define __EXTENSIONS__ 1
| #define _ALL_SOURCE 1
| #define _GNU_SOURCE 1
| #define _POSIX_PTHREAD_SEMANTICS 1
| #define _TANDEM_SOURCE 1
| #define STDC_HEADERS 1
| #define HAVE_DIRENT_H 1
| #define HAVE_CTYPE_H 1
| #define HAVE_ERRNO_H 1
| #define HAVE_LIBINTL_H 1
| #define HAVE_LOCALE_H 1
| #define HAVE_NET_IF_H 1
| #define HAVE_REGEX_H 1
| #define HAVE_SIGNAL_H 1
| #define HAVE_STDIO_H 1
| #define HAVE_SYS_FILE_H 1
| #define HAVE_SYS_IOCTL_H 1
| #define HAVE_SYS_STAT_H 1
| #define RETSIGTYPE void
| /* end confdefs.h.  */
| #include <stdio.h>
| #ifdef HAVE_SYS_TYPES_H
| # include <sys/types.h>
| #endif
| #ifdef HAVE_SYS_STAT_H
| # include <sys/stat.h>
| #endif
| #ifdef STDC_HEADERS
| # include <stdlib.h>
| # include <stddef.h>
| #else
| # ifdef HAVE_STDLIB_H
| #  include <stdlib.h>
| # endif
| #endif
| #ifdef HAVE_STRING_H
| # if !defined STDC_HEADERS && defined HAVE_MEMORY_H
| #  include <memory.h>
| # endif
| # include <string.h>
| #endif
| #ifdef HAVE_STRINGS_H
| # include <strings.h>
| #endif
| #ifdef HAVE_INTTYPES_H
| # include <inttypes.h>
| #endif
| #ifdef HAVE_STDINT_H
| # include <stdint.h>
| #endif
| #ifdef HAVE_UNISTD_H
| # include <unistd.h>
| #endif
| int
| main ()
| {
| if (sizeof ((size_t)))
| 	  return 0;
|   ;
|   return 0;
| }
configure:6283: result: yes
configure:6295: checking for off_t
configure:6323: gcc -c -g -O2  conftest.c >&5
configure:6330: $? = 0
configure:6357: gcc -c -g -O2  conftest.c >&5
conftest.c: In function 'main':
conftest.c:73: error: expected expression before ')' token
configure:6364: $? = 1
configure: failed program was:
| /* confdefs.h.  */
| #define PACKAGE_NAME "sysstat"
| #define PACKAGE_TARNAME "sysstat"
| #define PACKAGE_VERSION "10.0.0"
| #define PACKAGE_STRING "sysstat 10.0.0"
| #define PACKAGE_BUGREPORT ""
| #define STDC_HEADERS 1
| #define HAVE_SYS_TYPES_H 1
| #define HAVE_SYS_STAT_H 1
| #define HAVE_STDLIB_H 1
| #define HAVE_STRING_H 1
| #define HAVE_MEMORY_H 1
| #define HAVE_STRINGS_H 1
| #define HAVE_INTTYPES_H 1
| #define HAVE_STDINT_H 1
| #define HAVE_UNISTD_H 1
| #define __EXTENSIONS__ 1
| #define _ALL_SOURCE 1
| #define _GNU_SOURCE 1
| #define _POSIX_PTHREAD_SEMANTICS 1
| #define _TANDEM_SOURCE 1
| #define STDC_HEADERS 1
| #define HAVE_DIRENT_H 1
| #define HAVE_CTYPE_H 1
| #define HAVE_ERRNO_H 1
| #define HAVE_LIBINTL_H 1
| #define HAVE_LOCALE_H 1
| #define HAVE_NET_IF_H 1
| #define HAVE_REGEX_H 1
| #define HAVE_SIGNAL_H 1
| #define HAVE_STDIO_H 1
| #define HAVE_SYS_FILE_H 1
| #define HAVE_SYS_IOCTL_H 1
| #define HAVE_SYS_STAT_H 1
| #define RETSIGTYPE void
| /* end confdefs.h.  */
| #include <stdio.h>
| #ifdef HAVE_SYS_TYPES_H
| # include <sys/types.h>
| #endif
| #ifdef HAVE_SYS_STAT_H
| # include <sys/stat.h>
| #endif
| #ifdef STDC_HEADERS
| # include <stdlib.h>
| # include <stddef.h>
| #else
| # ifdef HAVE_STDLIB_H
| #  include <stdlib.h>
| # endif
| #endif
| #ifdef HAVE_STRING_H
| # if !defined STDC_HEADERS && defined HAVE_MEMORY_H
| #  include <memory.h>
| # endif
| # include <string.h>
| #endif
| #ifdef HAVE_STRINGS_H
| # include <strings.h>
| #endif
| #ifdef HAVE_INTTYPES_H
| # include <inttypes.h>
| #endif
| #ifdef HAVE_STDINT_H
| # include <stdint.h>
| #endif
| #ifdef HAVE_UNISTD_H
| # include <unistd.h>
| #endif
| int
| main ()
| {
| if (sizeof ((off_t)))
| 	  return 0;
|   ;
|   return 0;
| }
configure:6387: result: yes
configure:6407: checking for strchr
configure:6463: gcc -o conftest -g -O2   conftest.c  >&5
conftest.c:60: warning: conflicting types for built-in function 'strchr'
configure:6470: $? = 0
configure:6492: result: yes
configure:6508: checking for strcspn
configure:6564: gcc -o conftest -g -O2   conftest.c  >&5
conftest.c:61: warning: conflicting types for built-in function 'strcspn'
configure:6571: $? = 0
configure:6593: result: yes
configure:6609: checking for strspn
configure:6665: gcc -o conftest -g -O2   conftest.c  >&5
conftest.c:62: warning: conflicting types for built-in function 'strspn'
configure:6672: $? = 0
configure:6694: result: yes
configure:6710: checking for strstr
configure:6766: gcc -o conftest -g -O2   conftest.c  >&5
conftest.c:63: warning: conflicting types for built-in function 'strstr'
configure:6773: $? = 0
configure:6795: result: yes
configure:6809: checking for sensors support
configure:6823: result: yes
configure:6830: checking for sensors_get_detected_chips in -lsensors
configure:6865: gcc -o conftest -g -O2   conftest.c -lsensors   >&5
/usr/bin/ld: cannot find -lsensors
collect2: ld returned 1 exit status
configure:6872: $? = 1
configure: failed program was:
| /* confdefs.h.  */
| #define PACKAGE_NAME "sysstat"
| #define PACKAGE_TARNAME "sysstat"
| #define PACKAGE_VERSION "10.0.0"
| #define PACKAGE_STRING "sysstat 10.0.0"
| #define PACKAGE_BUGREPORT ""
| #define STDC_HEADERS 1
| #define HAVE_SYS_TYPES_H 1
| #define HAVE_SYS_STAT_H 1
| #define HAVE_STDLIB_H 1
| #define HAVE_STRING_H 1
| #define HAVE_MEMORY_H 1
| #define HAVE_STRINGS_H 1
| #define HAVE_INTTYPES_H 1
| #define HAVE_STDINT_H 1
| #define HAVE_UNISTD_H 1
| #define __EXTENSIONS__ 1
| #define _ALL_SOURCE 1
| #define _GNU_SOURCE 1
| #define _POSIX_PTHREAD_SEMANTICS 1
| #define _TANDEM_SOURCE 1
| #define STDC_HEADERS 1
| #define HAVE_DIRENT_H 1
| #define HAVE_CTYPE_H 1
| #define HAVE_ERRNO_H 1
| #define HAVE_LIBINTL_H 1
| #define HAVE_LOCALE_H 1
| #define HAVE_NET_IF_H 1
| #define HAVE_REGEX_H 1
| #define HAVE_SIGNAL_H 1
| #define HAVE_STDIO_H 1
| #define HAVE_SYS_FILE_H 1
| #define HAVE_SYS_IOCTL_H 1
| #define HAVE_SYS_STAT_H 1
| #define RETSIGTYPE void
| #define HAVE_STRCHR 1
| #define HAVE_STRCSPN 1
| #define HAVE_STRSPN 1
| #define HAVE_STRSTR 1
| /* end confdefs.h.  */
| 
| /* Override any GCC internal prototype to avoid an error.
|    Use char because int might match the return type of a GCC
|    builtin and then its argument prototype would still apply.  */
| #ifdef __cplusplus
| extern "C"
| #endif
| char sensors_get_detected_chips ();
| int
| main ()
| {
| return sensors_get_detected_chips ();
|   ;
|   return 0;
| }
configure:6893: result: no
configure:6901: checking for sensors lib
configure:6926: gcc -c -g -O2  conftest.c >&5
conftest.c:41:29: error: sensors/sensors.h: No such file or directory
conftest.c:42:27: error: sensors/error.h: No such file or directory
configure:6933: $? = 1
configure: failed program was:
| /* confdefs.h.  */
| #define PACKAGE_NAME "sysstat"
| #define PACKAGE_TARNAME "sysstat"
| #define PACKAGE_VERSION "10.0.0"
| #define PACKAGE_STRING "sysstat 10.0.0"
| #define PACKAGE_BUGREPORT ""
| #define STDC_HEADERS 1
| #define HAVE_SYS_TYPES_H 1
| #define HAVE_SYS_STAT_H 1
| #define HAVE_STDLIB_H 1
| #define HAVE_STRING_H 1
| #define HAVE_MEMORY_H 1
| #define HAVE_STRINGS_H 1
| #define HAVE_INTTYPES_H 1
| #define HAVE_STDINT_H 1
| #define HAVE_UNISTD_H 1
| #define __EXTENSIONS__ 1
| #define _ALL_SOURCE 1
| #define _GNU_SOURCE 1
| #define _POSIX_PTHREAD_SEMANTICS 1
| #define _TANDEM_SOURCE 1
| #define STDC_HEADERS 1
| #define HAVE_DIRENT_H 1
| #define HAVE_CTYPE_H 1
| #define HAVE_ERRNO_H 1
| #define HAVE_LIBINTL_H 1
| #define HAVE_LOCALE_H 1
| #define HAVE_NET_IF_H 1
| #define HAVE_REGEX_H 1
| #define HAVE_SIGNAL_H 1
| #define HAVE_STDIO_H 1
| #define HAVE_SYS_FILE_H 1
| #define HAVE_SYS_IOCTL_H 1
| #define HAVE_SYS_STAT_H 1
| #define RETSIGTYPE void
| #define HAVE_STRCHR 1
| #define HAVE_STRCSPN 1
| #define HAVE_STRSPN 1
| #define HAVE_STRSTR 1
| /* end confdefs.h.  */
| #include <sensors/sensors.h>
| #include <sensors/error.h>
| 
| int
| main ()
| {
| sensors_cleanup();
|   ;
|   return 0;
| }
configure:6947: result: no
configure:6963: checking for special C compiler options needed for large files
configure:7058: result: no
configure:7064: checking for _FILE_OFFSET_BITS value needed for large files
configure:7099: gcc -c -g -O2  conftest.c >&5
conftest.c:47: warning: left shift count >= width of type
conftest.c:47: warning: left shift count >= width of type
conftest.c:49: error: size of array 'off_t_is_large' is negative
configure:7106: $? = 1
configure: failed program was:
| /* confdefs.h.  */
| #define PACKAGE_NAME "sysstat"
| #define PACKAGE_TARNAME "sysstat"
| #define PACKAGE_VERSION "10.0.0"
| #define PACKAGE_STRING "sysstat 10.0.0"
| #define PACKAGE_BUGREPORT ""
| #define STDC_HEADERS 1
| #define HAVE_SYS_TYPES_H 1
| #define HAVE_SYS_STAT_H 1
| #define HAVE_STDLIB_H 1
| #define HAVE_STRING_H 1
| #define HAVE_MEMORY_H 1
| #define HAVE_STRINGS_H 1
| #define HAVE_INTTYPES_H 1
| #define HAVE_STDINT_H 1
| #define HAVE_UNISTD_H 1
| #define __EXTENSIONS__ 1
| #define _ALL_SOURCE 1
| #define _GNU_SOURCE 1
| #define _POSIX_PTHREAD_SEMANTICS 1
| #define _TANDEM_SOURCE 1
| #define STDC_HEADERS 1
| #define HAVE_DIRENT_H 1
| #define HAVE_CTYPE_H 1
| #define HAVE_ERRNO_H 1
| #define HAVE_LIBINTL_H 1
| #define HAVE_LOCALE_H 1
| #define HAVE_NET_IF_H 1
| #define HAVE_REGEX_H 1
| #define HAVE_SIGNAL_H 1
| #define HAVE_STDIO_H 1
| #define HAVE_SYS_FILE_H 1
| #define HAVE_SYS_IOCTL_H 1
| #define HAVE_SYS_STAT_H 1
| #define RETSIGTYPE void
| #define HAVE_STRCHR 1
| #define HAVE_STRCSPN 1
| #define HAVE_STRSPN 1
| #define HAVE_STRSTR 1
| /* end confdefs.h.  */
| #include <sys/types.h>
|  /* Check that off_t can represent 2**63 - 1 correctly.
|     We can't simply define LARGE_OFF_T to be 9223372036854775807,
|     since some C++ compilers masquerading as C compilers
|     incorrectly reject 9223372036854775807.  */
| #define LARGE_OFF_T (((off_t) 1 << 62) - 1 + ((off_t) 1 << 62))
|   int off_t_is_large[(LARGE_OFF_T % 2147483629 == 721
| 		       && LARGE_OFF_T % 2147483647 == 1)
| 		      ? 1 : -1];
| int
| main ()
| {
| 
|   ;
|   return 0;
| }
configure:7150: gcc -c -g -O2  conftest.c >&5
configure:7157: $? = 0
configure:7175: result: 64
configure:7374: checking run-commands directory
configure:7383: result: /etc/rc.d
configure:7409: checking sadc directory
configure:7417: result: /home/jwang/sourcecode/Perforce/workspace/jxwang_linux-fc8/dev/ruby/soc/branches/main4_adm/buildroot/build_arc/root/lib/sa
configure:7425: checking system activity directory
configure:7433: result: /var/log/sa
configure:7441: checking sysstat configuration directory
configure:7449: result: /etc/sysconfig
configure:7457: checking National Language Support
configure:7473: result: no
configure:7487: checking whether sa2 should process data file of the day before
configure:7502: result: no
configure:7508: checking number of daily data files to keep
configure:7516: result: 7
configure:7521: checking number of days after which data files are compressed
configure:7529: result: 10
configure:7540: checking group for manual pages
configure:7545: result: man
configure:7562: checking whether man_group variable should be ignored
configure:7578: result: no
configure:7583: checking whether manual pages should be compressed
configure:7598: result: no
configure:7603: checking whether isag script should be installed
configure:7618: result: no
configure:7623: checking whether system activity directory should be cleaned
configure:7638: result: no
configure:7643: checking whether cron should start sar automatically
configure:7659: result: no
configure:7726: checking whether documentation should be installed
configure:7742: result: no
configure:7947: creating ./config.status

## ---------------------- ##
## Running config.status. ##
## ---------------------- ##

This file was extended by sysstat config.status 10.0.0, which was
generated by GNU Autoconf 2.63.  Invocation command line was

  CONFIG_FILES    = 
  CONFIG_HEADERS  = 
  CONFIG_LINKS    = 
  CONFIG_COMMANDS = 
  $ ./config.status 

on linux-fc8

config.status:720: creating sa1
config.status:720: creating sa2
config.status:720: creating cron/crontab
config.status:720: creating sysstat.sysconfig
config.status:720: creating version.h
config.status:720: creating sysconfig.h
config.status:720: creating cron/sysstat.cron.daily
config.status:720: creating cron/sysstat.cron.hourly
config.status:720: creating cron/sysstat.crond
config.status:720: creating cron/sysstat.crond.sample.in
config.status:720: creating sysstat
config.status:720: creating man/sa1.8
config.status:720: creating man/sa2.8
config.status:720: creating man/sadc.8
config.status:720: creating man/sadf.1
config.status:720: creating man/sar.1
config.status:720: creating man/sysstat.5
config.status:720: creating man/iostat.1
config.status:720: creating man/cifsiostat.1
config.status:720: creating man/nfsiostat.1
config.status:720: creating contrib/isag/isag
config.status:720: creating Makefile

## ---------------- ##
## Cache variables. ##
## ---------------- ##

ac_cv_c_compiler_gnu=yes
ac_cv_env_CC_set=
ac_cv_env_CC_value=
ac_cv_env_CFLAGS_set=
ac_cv_env_CFLAGS_value=
ac_cv_env_CPPFLAGS_set=
ac_cv_env_CPPFLAGS_value=
ac_cv_env_CPP_set=
ac_cv_env_CPP_value=
ac_cv_env_LDFLAGS_set=
ac_cv_env_LDFLAGS_value=
ac_cv_env_LIBS_set=
ac_cv_env_LIBS_value=
ac_cv_env_build_alias_set=set
ac_cv_env_build_alias_value=i386-pc-linux-gnu
ac_cv_env_compressafter_set=
ac_cv_env_compressafter_value=
ac_cv_env_conf_dir_set=
ac_cv_env_conf_dir_value=
ac_cv_env_cron_interval_set=
ac_cv_env_cron_interval_value=
ac_cv_env_cron_owner_set=
ac_cv_env_cron_owner_value=
ac_cv_env_history_set=
ac_cv_env_history_value=
ac_cv_env_host_alias_set=set
ac_cv_env_host_alias_value=arc-linux-uclibc
ac_cv_env_man_group_set=
ac_cv_env_man_group_value=
ac_cv_env_rcdir_set=
ac_cv_env_rcdir_value=
ac_cv_env_sa_dir_set=
ac_cv_env_sa_dir_value=
ac_cv_env_sa_lib_dir_set=
ac_cv_env_sa_lib_dir_value=
ac_cv_env_target_alias_set=set
ac_cv_env_target_alias_value=arc-linux-uclibc
ac_cv_func_strchr=yes
ac_cv_func_strcspn=yes
ac_cv_func_strspn=yes
ac_cv_func_strstr=yes
ac_cv_header_ctype_h=yes
ac_cv_header_dirent_dirent_h=yes
ac_cv_header_errno_h=yes
ac_cv_header_inttypes_h=yes
ac_cv_header_libintl_h=yes
ac_cv_header_locale_h=yes
ac_cv_header_memory_h=yes
ac_cv_header_minix_config_h=no
ac_cv_header_net_if_h=yes
ac_cv_header_regex_h=yes
ac_cv_header_signal_h=yes
ac_cv_header_stdc=yes
ac_cv_header_stdint_h=yes
ac_cv_header_stdio_h=yes
ac_cv_header_stdlib_h=yes
ac_cv_header_string_h=yes
ac_cv_header_strings_h=yes
ac_cv_header_sys_file_h=yes
ac_cv_header_sys_ioctl_h=yes
ac_cv_header_sys_stat_h=yes
ac_cv_header_sys_types_h=yes
ac_cv_header_unistd_h=yes
ac_cv_lib_sensors_sensors_get_detected_chips=no
ac_cv_objext=o
ac_cv_path_EGREP='/bin/grep -E'
ac_cv_path_GREP=/bin/grep
ac_cv_path_PATH_CHKCONFIG=/sbin/chkconfig
ac_cv_path_PATH_CP=/bin/cp
ac_cv_prog_AR=ar
ac_cv_prog_CHMOD=chmod
ac_cv_prog_CHOWN=chown
ac_cv_prog_CPP='gcc -E'
ac_cv_prog_INSTALL=install
ac_cv_prog_MSGFMT=msgfmt
ac_cv_prog_MSGMERGE=msgmerge
ac_cv_prog_XGETTEXT=xgettext
ac_cv_prog_ZIP=bzip2
ac_cv_prog_ac_ct_CC=gcc
ac_cv_prog_cc_c89=
ac_cv_prog_cc_g=yes
ac_cv_safe_to_define___extensions__=yes
ac_cv_search_opendir='none required'
ac_cv_sys_file_offset_bits=64
ac_cv_sys_largefile_CC=no
ac_cv_type_off_t=yes
ac_cv_type_signal=void
ac_cv_type_size_t=yes

## ----------------- ##
## Output variables. ##
## ----------------- ##

AR='ar'
CC='gcc'
CFLAGS='-g -O2'
CHMOD='chmod'
CHOWN='chown'
CLEAN_SA_DIR='n'
COMPRESSAFTER='10'
COMPRESS_MANPG='n'
CPP='gcc -E'
CPPFLAGS=''
CRON_COUNT='6'
CRON_INTERVAL='10'
CRON_INTERVAL_SEC='600'
CRON_OWNER='root'
DEFS='-DPACKAGE_NAME=\"sysstat\" -DPACKAGE_TARNAME=\"sysstat\" -DPACKAGE_VERSION=\"10.0.0\" -DPACKAGE_STRING=\"sysstat\ 10.0.0\" -DPACKAGE_BUGREPORT=\"\" -DSTDC_HEADERS=1 -DHAVE_SYS_TYPES_H=1 -DHAVE_SYS_STAT_H=1 -DHAVE_STDLIB_H=1 -DHAVE_STRING_H=1 -DHAVE_MEMORY_H=1 -DHAVE_STRINGS_H=1 -DHAVE_INTTYPES_H=1 -DHAVE_STDINT_H=1 -DHAVE_UNISTD_H=1 -D__EXTENSIONS__=1 -D_ALL_SOURCE=1 -D_GNU_SOURCE=1 -D_POSIX_PTHREAD_SEMANTICS=1 -D_TANDEM_SOURCE=1 -DSTDC_HEADERS=1 -DHAVE_DIRENT_H=1 -DHAVE_CTYPE_H=1 -DHAVE_ERRNO_H=1 -DHAVE_LIBINTL_H=1 -DHAVE_LOCALE_H=1 -DHAVE_NET_IF_H=1 -DHAVE_REGEX_H=1 -DHAVE_SIGNAL_H=1 -DHAVE_STDIO_H=1 -DHAVE_SYS_FILE_H=1 -DHAVE_SYS_IOCTL_H=1 -DHAVE_SYS_STAT_H=1 -DRETSIGTYPE=void -DHAVE_STRCHR=1 -DHAVE_STRCSPN=1 -DHAVE_STRSPN=1 -DHAVE_STRSTR=1 -D_FILE_OFFSET_BITS=64'
DFLAGS=''
DFSENSORS=''
ECHO_C=''
ECHO_N='-n'
ECHO_T=''
EGREP='/bin/grep -E'
EXEEXT=''
GREP='/bin/grep'
HAVE_SENSORS='n'
HISTORY='7'
IGNORE_MAN_GROUP='n'
INITD_DIR='init.d'
INIT_DIR='/etc/rc.d/init.d'
INSTALL='install'
INSTALL_BIN='${INSTALL} -m 755'
INSTALL_CRON='n'
INSTALL_DATA='${INSTALL} -m 644'
INSTALL_DOC='n'
INSTALL_ISAG='n'
LDFLAGS=''
LFSENSORS=''
LIBOBJS=''
LIBS=''
LN_S='ln -s'
LTLIBOBJS=''
MAN_GROUP='man'
MSGFMT='msgfmt'
MSGMERGE='msgmerge'
NLS='n'
OBJEXT='o'
PACKAGE_BUGREPORT=''
PACKAGE_NAME='sysstat'
PACKAGE_STRING='sysstat 10.0.0'
PACKAGE_TARNAME='sysstat'
PACKAGE_VERSION='10.0.0'
PATH_CHKCONFIG='/sbin/chkconfig'
PATH_CP='/bin/cp'
PATH_SEPARATOR=':'
QUOTE=''
RC_DIR='/etc/rc.d'
REM_CHOWN='# REM_CHOWN'
SA_DIR='/var/log/sa'
SA_LIB_DIR='/home/jwang/sourcecode/Perforce/workspace/jxwang_linux-fc8/dev/ruby/soc/branches/main4_adm/buildroot/build_arc/root/lib/sa'
SHELL='/bin/sh'
SU_C_OWNER=''
SYSCONFIG_DIR='/etc/sysconfig'
WITH_DEBUG='no'
XGETTEXT='xgettext'
YESTERDAY=''
ZIP='bzip2'
ac_ct_CC='gcc'
bindir='${exec_prefix}/bin'
build_alias='i386-pc-linux-gnu'
compressafter=''
conf_dir=''
cron_interval=''
cron_owner=''
datadir='${datarootdir}'
datarootdir='${prefix}/share'
docdir='${datarootdir}/doc/${PACKAGE_TARNAME}'
dvidir='${docdir}'
exec_prefix='/home/jwang/sourcecode/Perforce/workspace/jxwang_linux-fc8/dev/ruby/soc/branches/main4_adm/buildroot/build_arc/root'
history=''
host_alias='arc-linux-uclibc'
htmldir='${docdir}'
includedir='${prefix}/include'
infodir='${datarootdir}/info'
libdir='${exec_prefix}/lib'
libexecdir='${exec_prefix}/libexec'
localedir='${datarootdir}/locale'
localstatedir='${prefix}/var'
man_group=''
mandir='${datarootdir}/man'
oldincludedir='/usr/include'
pdfdir='${docdir}'
prefix='/home/jwang/sourcecode/Perforce/workspace/jxwang_linux-fc8/dev/ruby/soc/branches/main4_adm/buildroot/build_arc/root'
program_transform_name='s,x,x,'
psdir='${docdir}'
rcdir=''
sa_dir=''
sa_lib_dir=''
sbindir='${exec_prefix}/sbin'
sharedstatedir='${prefix}/com'
sysconfdir='${prefix}/etc'
target_alias='arc-linux-uclibc'

## ----------- ##
## confdefs.h. ##
## ----------- ##

#define PACKAGE_NAME "sysstat"
#define PACKAGE_TARNAME "sysstat"
#define PACKAGE_VERSION "10.0.0"
#define PACKAGE_STRING "sysstat 10.0.0"
#define PACKAGE_BUGREPORT ""
#define STDC_HEADERS 1
#define HAVE_SYS_TYPES_H 1
#define HAVE_SYS_STAT_H 1
#define HAVE_STDLIB_H 1
#define HAVE_STRING_H 1
#define HAVE_MEMORY_H 1
#define HAVE_STRINGS_H 1
#define HAVE_INTTYPES_H 1
#define HAVE_STDINT_H 1
#define HAVE_UNISTD_H 1
#define __EXTENSIONS__ 1
#define _ALL_SOURCE 1
#define _GNU_SOURCE 1
#define _POSIX_PTHREAD_SEMANTICS 1
#define _TANDEM_SOURCE 1
#define STDC_HEADERS 1
#define HAVE_DIRENT_H 1
#define HAVE_CTYPE_H 1
#define HAVE_ERRNO_H 1
#define HAVE_LIBINTL_H 1
#define HAVE_LOCALE_H 1
#define HAVE_NET_IF_H 1
#define HAVE_REGEX_H 1
#define HAVE_SIGNAL_H 1
#define HAVE_STDIO_H 1
#define HAVE_SYS_FILE_H 1
#define HAVE_SYS_IOCTL_H 1
#define HAVE_SYS_STAT_H 1
#define RETSIGTYPE void
#define HAVE_STRCHR 1
#define HAVE_STRCSPN 1
#define HAVE_STRSPN 1
#define HAVE_STRSTR 1
#define _FILE_OFFSET_BITS 64

configure: exit 0
